FILE_TYPE=LIBRARY_PARTS;
PRIMITIVE 'BYQ28E_200_E3_45';
  PIN
    'A_1':
      PIN_NUMBER='(1)';
      NO_LOAD_CHECK=BOTH;
      NO_IO_CHECK=BOTH;
      ALLOW_CONNECT=TRUE;
      PINUSE='UNSPEC';
    'COMMON_K':
      PIN_NUMBER='(2)';
      NO_LOAD_CHECK=BOTH;
      NO_IO_CHECK=BOTH;
      ALLOW_CONNECT=TRUE;
      PINUSE='UNSPEC';
    'A_2':
      PIN_NUMBER='(3)';
      NO_LOAD_CHECK=BOTH;
      NO_IO_CHECK=BOTH;
      ALLOW_CONNECT=TRUE;
      PINUSE='UNSPEC';
  END_PIN;
  BODY
    PART_NAME='BYQ28E_200_E3_45';
    PHYS_DES_PREFIX='D';
    NO_LOAD_CHECK='TRUE';
    PIN_COUNT='3';
    BODY_NAME='BYQ28E_200_E3_45';
    JEDEC_TYPE='TO255P470X1054X1989-3P';
  END_BODY;
END_PRIMITIVE;
END.
